Arguments: 
  C:\Program Files\nodejs\node.exe C:\Users\ashu\AppData\Roaming\npm\node_modules\yarn\bin\yarn.js add redux-devtools-extension

PATH: 
  C:\Users\ashu\bin;C:\Program Files\Git\mingw64\bin;C:\Program Files\Git\usr\local\bin;C:\Program Files\Git\usr\bin;C:\Program Files\Git\usr\bin;C:\Program Files\Git\mingw64\bin;C:\Program Files\Git\usr\bin;C:\Users\ashu\bin;C:\Program Files (x86)\Common Files\Oracle\Java\javapath;C:\WINDOWS\system32;C:\WINDOWS;C:\WINDOWS\System32\Wbem;C:\WINDOWS\System32\WindowsPowerShell\v1.0;C:\WINDOWS\System32\OpenSSH;C:\Program Files\Git\cmd;C:\ProgramData\ComposerSetup\bin;C:\wamp64\bin\php\php7.3.1;C:\Program Files\Amazon\AWSCLI\bin;C:\Program Files\nodejs;C:\Users\ashu\AppData\Local\Programs\Python\Python36\Scripts;C:\Users\ashu\AppData\Local\Programs\Python\Python36;C:\Users\ashu\AppData\Local\Microsoft\WindowsApps;C:\Users\ashu\AppData\Local\Programs\Microsoft VS Code\bin;C:\Users\ashu\AppData\Roaming\Composer\vendor\bin;C:\Users\ashu\AppData\Local\Android\sdk\platform-tools;C:\Users\ashu\AppData\Local\Android\sdk\tools;C:\Program Files\heroku\bin;C:\Users\ashu\AppData\Roaming\npm;C:\Program Files\Git\usr\bin\vendor_perl;C:\Program Files\Git\usr\bin\core_perl

Yarn version: 
  1.17.3

Node version: 
  12.13.1

Platform: 
  win32 x64

Trace: 
  Error: EPERM: operation not permitted, copyfile 'C:\Users\ashu\AppData\Local\Yarn\Cache\v4\npm-core-js-2.6.11-38831469f9922bded8ee21c9dc46985e0399308c\node_modules\core-js\modules\_function-to-string.js' -> 'C:\Users\ashu\Desktop\Projects\SSR-React-Redux\node_modules\core-js\modules\_function-to-string.js'

npm manifest: 
  {
  	"name": "react-ssr",
  	"version": "1.0.0",
  	"description": "Server side rendering project",
  	"main": "index.js",
  	"scripts": {
  		"dev": "npm-run-all --parallel dev:*",
  		"dev:server": "nodemon --watch build --exec \"node build/bundle.js\"",
  		"dev:build-server": "webpack --config webpack.server.js --mode development --watch",
  		"dev:build-client": "webpack --config webpack.client.js --mode development --watch"
  	},
  	"author": "",
  	"license": "ISC",
  	"dependencies": {
  		"axios": "^0.19.0",
  		"babel-cli": "6.26.0",
  		"babel-core": "6.26.0",
  		"babel-loader": "7.1.2",
  		"babel-polyfill": "^6.26.0",
  		"babel-preset-env": "1.6.0",
  		"babel-preset-es2015": "6.24.1",
  		"babel-preset-es2017": "6.24.1",
  		"babel-preset-react": "6.24.1",
  		"babel-preset-stage-0": "6.24.1",
  		"compression": "^1.7.4",
  		"concurrently": "3.5.0",
  		"express": "^4.17.1",
  		"express-http-proxy": "1.0.6",
  		"lodash": "^4.17.15",
  		"nodemon": "^2.0.1",
  		"npm-run-all": "4.1.1",
  		"react": "16.0.0",
  		"react-dom": "16.0.0",
  		"react-helmet": "5.2.0",
  		"react-redux": "5.0.6",
  		"react-router-config": "1.0.0-beta.4",
  		"react-router-dom": "^4.2.2",
  		"redux": "3.7.2",
  		"redux-thunk": "2.2.0",
  		"serialize-javascript": "1.4.0",
  		"webpack": "^4.41.2",
  		"webpack-dev-server": "^3.9.0",
  		"webpack-merge": "4.1.0",
  		"webpack-node-externals": "1.6.0"
  	},
  	"devDependencies": {
  		"webpack-cli": "^3.3.10"
  	}
  }

yarn manifest: 
  No manifest

Lockfile: 
  No lockfile
